<?xml version="1.0" encoding="UTF-8"?>
<!-- Generated by org.testng.reporters.JUnitReportReporter -->
<testsuite hostname="LAPTOP-PLNO5R2G" failures="0" tests="1" name="com.rediff.S1.testcases.Links_Page_Test" time="11.616" errors="0" timestamp="2024-03-27T14:31:36 PDT" skipped="0">
  <testcase classname="com.rediff.S1.testcases.Links_Page_Test" name="linkTests" time="11.616"/>
</testsuite> <!-- com.rediff.S1.testcases.Links_Page_Test -->
