<?xml version="1.0" encoding="UTF-8"?>
<!-- Generated by org.testng.reporters.JUnitReportReporter -->
<testsuite hostname="LAPTOP-PLNO5R2G" failures="0" tests="1" name="com.rediff.S1.testcases.Logout_Page_Test" time="20.462" errors="0" timestamp="2024-03-27T14:31:36 PDT" skipped="0">
  <testcase classname="com.rediff.S1.testcases.Logout_Page_Test" name="signOutMessageIsDisplayed" time="20.462"/>
</testsuite> <!-- com.rediff.S1.testcases.Logout_Page_Test -->
