<?xml version="1.0" encoding="UTF-8"?>
<!-- Generated by org.testng.reporters.JUnitReportReporter -->
<testsuite hostname="LAPTOP-PLNO5R2G" failures="0" tests="3" name="com.rediff.S1.testcases.Landing_Page_Test" time="6.481" errors="0" timestamp="2024-03-27T14:31:36 PDT" skipped="0">
  <testcase classname="com.rediff.S1.testcases.Landing_Page_Test" name="validateCurrentUrlAndTile" time="2.543"/>
  <testcase classname="com.rediff.S1.testcases.Landing_Page_Test" name="signInButtonIsDisplayedAndEnabled" time="1.954"/>
  <testcase classname="com.rediff.S1.testcases.Landing_Page_Test" name="rediffLogoIsDisplayed" time="1.984"/>
</testsuite> <!-- com.rediff.S1.testcases.Landing_Page_Test -->
