<?xml version="1.0" encoding="UTF-8"?>
<!-- Generated by org.testng.reporters.JUnitReportReporter -->
<testsuite hostname="LAPTOP-PLNO5R2G" failures="0" tests="3" name="com.rediff.S1.testcases.Landing_Page" time="8.595" errors="0" timestamp="2024-03-24T15:28:25 PDT" skipped="0">
  <testcase classname="com.rediff.S1.testcases.Landing_Page" name="validateCurrentUrlAndTile" time="2.559"/>
  <testcase classname="com.rediff.S1.testcases.Landing_Page" name="signInButtonIsDisplayedAndEnabled" time="3.709"/>
  <testcase classname="com.rediff.S1.testcases.Landing_Page" name="rediffLogoIsDisplayed" time="2.327"/>
</testsuite> <!-- com.rediff.S1.testcases.Landing_Page -->
