<?xml version="1.0" encoding="UTF-8"?>
<!-- Generated by org.testng.reporters.JUnitReportReporter -->
<testsuite hostname="LAPTOP-PLNO5R2G" failures="0" tests="1" name="com.rediff.S1.testcases.Login_Page" time="17.218" errors="0" timestamp="2024-03-24T15:31:30 PDT" skipped="0">
  <testcase classname="com.rediff.S1.testcases.Login_Page" name="loginWithValidCredentials" time="17.218"/>
</testsuite> <!-- com.rediff.S1.testcases.Login_Page -->
