<?xml version="1.0" encoding="UTF-8"?>
<!-- Generated by org.testng.reporters.JUnitReportReporter -->
<testsuite hostname="LAPTOP-PLNO5R2G" failures="0" tests="14" name="com.rediff.S1.testcases.Login_Page_Test" time="185.047" errors="0" timestamp="2024-03-27T14:31:36 PDT" skipped="0">
  <testcase classname="com.rediff.S1.testcases.Login_Page_Test" name="loginWithValidCredentials" time="15.611"/>
  <testcase classname="com.rediff.S1.testcases.Login_Page_Test" name="loginWithValidCredentials" time="14.348"/>
  <testcase classname="com.rediff.S1.testcases.Login_Page_Test" name="loginWithValidCredentials" time="16.987"/>
  <testcase classname="com.rediff.S1.testcases.Login_Page_Test" name="loginWithValidCredentials" time="17.054"/>
  <testcase classname="com.rediff.S1.testcases.Login_Page_Test" name="loginWithValidCredentials" time="16.613"/>
  <testcase classname="com.rediff.S1.testcases.Login_Page_Test" name="loginWithValidCredentialsUsingDataProviderExcelSheet" time="13.678"/>
  <testcase classname="com.rediff.S1.testcases.Login_Page_Test" name="loginWithValidCredentialsUsingDataProviderExcelSheet" time="13.457"/>
  <testcase classname="com.rediff.S1.testcases.Login_Page_Test" name="loginWithValidCredentialsUsingDataProviderExcelSheet" time="15.452"/>
  <testcase classname="com.rediff.S1.testcases.Login_Page_Test" name="loginWithValidCredentialsUsingDataProviderExcelSheet" time="16.134"/>
  <testcase classname="com.rediff.S1.testcases.Login_Page_Test" name="loginWithValidCredentialsUsingDataProviderExcelSheet" time="15.572"/>
  <testcase classname="com.rediff.S1.testcases.Login_Page_Test" name="loginWithInvalidCredetials" time="6.472"/>
  <testcase classname="com.rediff.S1.testcases.Login_Page_Test" name="loginWithValidUsernameInvalidPassword" time="11.531"/>
  <testcase classname="com.rediff.S1.testcases.Login_Page_Test" name="loginWithInValidUsernameValidPassword" time="7.037"/>
  <testcase classname="com.rediff.S1.testcases.Login_Page_Test" name="loginWithNoCredentials" time="5.101"/>
</testsuite> <!-- com.rediff.S1.testcases.Login_Page_Test -->
