<?xml version="1.0" encoding="UTF-8"?>
<!-- Generated by org.testng.reporters.JUnitReportReporter -->
<testsuite hostname="LAPTOP-PLNO5R2G" failures="0" tests="1" name="com.rediff.S1.testcases.Sign_In_Link_Page_Test" time="4.214" errors="0" timestamp="2024-03-25T11:00:48 PDT" skipped="0">
  <testcase classname="com.rediff.S1.testcases.Sign_In_Link_Page_Test" name="signInLinkButtonIsDisplayed" time="4.214"/>
</testsuite> <!-- com.rediff.S1.testcases.Sign_In_Link_Page_Test -->
