<?xml version="1.0" encoding="UTF-8"?>
<!-- Generated by org.testng.reporters.JUnitReportReporter -->
<testsuite hostname="LAPTOP-PLNO5R2G" failures="0" tests="3" name="com.rediff.S1.testcases.Landing_Page_Test" time="16.545" errors="0" timestamp="2024-03-25T11:00:48 PDT" skipped="0">
  <testcase classname="com.rediff.S1.testcases.Landing_Page_Test" name="validateCurrentUrlAndTile" time="4.368"/>
  <testcase classname="com.rediff.S1.testcases.Landing_Page_Test" name="signInButtonIsDisplayedAndEnabled" time="3.521"/>
  <testcase classname="com.rediff.S1.testcases.Landing_Page_Test" name="rediffLogoIsDisplayed" time="8.656"/>
</testsuite> <!-- com.rediff.S1.testcases.Landing_Page_Test -->
