<?xml version="1.0" encoding="UTF-8"?>
<!-- Generated by org.testng.reporters.JUnitReportReporter -->
<testsuite hostname="LAPTOP-PLNO5R2G" failures="0" tests="14" name="com.rediff.S1.testcases.Login_Page_Test" time="225.923" errors="0" timestamp="2024-03-25T11:00:48 PDT" skipped="0">
  <testcase classname="com.rediff.S1.testcases.Login_Page_Test" name="loginWithValidCredentials" time="17.463"/>
  <testcase classname="com.rediff.S1.testcases.Login_Page_Test" name="loginWithValidCredentials" time="22.121"/>
  <testcase classname="com.rediff.S1.testcases.Login_Page_Test" name="loginWithValidCredentials" time="16.514"/>
  <testcase classname="com.rediff.S1.testcases.Login_Page_Test" name="loginWithValidCredentials" time="15.910"/>
  <testcase classname="com.rediff.S1.testcases.Login_Page_Test" name="loginWithValidCredentials" time="19.038"/>
  <testcase classname="com.rediff.S1.testcases.Login_Page_Test" name="loginWithValidCredentialsUsingDataProviderExcelSheet" time="20.353"/>
  <testcase classname="com.rediff.S1.testcases.Login_Page_Test" name="loginWithValidCredentialsUsingDataProviderExcelSheet" time="18.022"/>
  <testcase classname="com.rediff.S1.testcases.Login_Page_Test" name="loginWithValidCredentialsUsingDataProviderExcelSheet" time="18.371"/>
  <testcase classname="com.rediff.S1.testcases.Login_Page_Test" name="loginWithValidCredentialsUsingDataProviderExcelSheet" time="17.075"/>
  <testcase classname="com.rediff.S1.testcases.Login_Page_Test" name="loginWithValidCredentialsUsingDataProviderExcelSheet" time="24.002"/>
  <testcase classname="com.rediff.S1.testcases.Login_Page_Test" name="loginWithInvalidCredetials" time="7.355"/>
  <testcase classname="com.rediff.S1.testcases.Login_Page_Test" name="loginWithValidUsernameInvalidPassword" time="15.209"/>
  <testcase classname="com.rediff.S1.testcases.Login_Page_Test" name="loginWithInValidUsernameValidPassword" time="7.293"/>
  <testcase classname="com.rediff.S1.testcases.Login_Page_Test" name="loginWithNoCredentials" time="7.197"/>
</testsuite> <!-- com.rediff.S1.testcases.Login_Page_Test -->
